2019-06-05 20:58:51.485760  -    captured video
2019-06-05 21:35:20.121880  -    Starting capture: 30.0 fps
2019-06-05 21:35:20.122380  -    Config string: # {05D8C294-F295-4dfb-9D01-096BD04049F4}
ExposureAuto	Off
GainAuto	Off
Width	2048
Height	2048
ExposureMode	Timed
ExposureTime	33333.0

2019-06-05 21:35:25.184135  -    Attempting to create directory.
2019-06-05 22:11:02.889096  -    Starting capture: 30.0 fps
2019-06-05 22:11:02.889574  -    Config string: # {05D8C294-F295-4dfb-9D01-096BD04049F4}
ExposureAuto	Off
GainAuto	Off
Width	2048
Height	2048
ExposureMode	Timed
ExposureTime	33333.0

2019-06-05 22:11:07.930083  -    Attempting to create directory.
2019-06-05 22:12:51.088394  -    captured video
2019-06-05 23:00:02.619918  -    Starting capture: 30.0 fps
2019-06-05 23:00:02.620377  -    Config string: # {05D8C294-F295-4dfb-9D01-096BD04049F4}
ExposureAuto	Off
GainAuto	Off
Width	2048
Height	2048
ExposureMode	Timed
ExposureTime	33333.0

2019-06-05 23:00:07.707932  -    Attempting to create directory.
2019-06-05 23:01:52.055182  -    captured video
2019-06-06 00:00:02.535159  -    Starting capture: 30.0 fps
2019-06-06 00:00:02.535471  -    Config string: # {05D8C294-F295-4dfb-9D01-096BD04049F4}
ExposureAuto	Off
GainAuto	Off
Width	2048
Height	2048
ExposureMode	Timed
ExposureTime	33333.0

2019-06-06 00:00:07.583983  -    Attempting to create directory.
2019-06-06 00:01:50.313831  -    captured video
2019-06-06 01:00:02.870161  -    Starting capture: 30.0 fps
2019-06-06 01:00:02.870462  -    Config string: # {05D8C294-F295-4dfb-9D01-096BD04049F4}
ExposureAuto	Off
GainAuto	Off
Width	2048
Height	2048
ExposureMode	Timed
ExposureTime	33333.0

2019-06-06 01:00:07.921632  -    Attempting to create directory.
2019-06-06 01:08:02.661157  -    captured video
2019-06-06 02:00:02.278170  -    Starting capture: 30.0 fps
2019-06-06 02:00:02.278975  -    Config string: # {05D8C294-F295-4dfb-9D01-096BD04049F4}
ExposureAuto	Off
GainAuto	Off
Width	2048
Height	2048
ExposureMode	Timed
ExposureTime	33333.0

2019-06-06 02:00:07.340702  -    Attempting to create directory.
2019-06-06 02:08:07.019462  -    captured video
2019-06-06 03:00:02.967196  -    Starting capture: 30.0 fps
2019-06-06 03:00:02.967565  -    Config string: # {05D8C294-F295-4dfb-9D01-096BD04049F4}
ExposureAuto	Off
GainAuto	Off
Width	2048
Height	2048
ExposureMode	Timed
ExposureTime	33333.0

2019-06-06 03:00:08.008635  -    Attempting to create directory.
2019-06-06 03:08:01.741822  -    captured video
2019-06-06 04:00:02.211343  -    Starting capture: 30.0 fps
2019-06-06 04:00:02.213076  -    Config string: # {05D8C294-F295-4dfb-9D01-096BD04049F4}
ExposureAuto	Off
GainAuto	Off
Width	2048
Height	2048
ExposureMode	Timed
ExposureTime	33333.0

2019-06-06 04:00:07.256602  -    Attempting to create directory.
2019-06-06 04:07:58.236734  -    captured video
2019-06-06 05:00:02.198767  -    Starting capture: 30.0 fps
2019-06-06 05:00:02.199730  -    Config string: # {05D8C294-F295-4dfb-9D01-096BD04049F4}
ExposureAuto	Off
GainAuto	Off
Width	2048
Height	2048
ExposureMode	Timed
ExposureTime	33333.0

2019-06-06 05:00:07.242831  -    Attempting to create directory.
2019-06-06 05:05:39.660394  -    captured video
2019-06-06 06:00:03.014101  -    Starting capture: 30.0 fps
2019-06-06 06:00:03.014426  -    Config string: # {05D8C294-F295-4dfb-9D01-096BD04049F4}
ExposureAuto	Off
GainAuto	Off
Width	2048
Height	2048
ExposureMode	Timed
ExposureTime	33333.0

2019-06-06 06:00:08.051752  -    Attempting to create directory.
2019-06-06 06:05:42.851247  -    captured video
2019-06-06 07:00:02.849836  -    Starting capture: 30.0 fps
2019-06-06 07:00:02.850362  -    Config string: # {05D8C294-F295-4dfb-9D01-096BD04049F4}
ExposureAuto	Off
GainAuto	Off
Width	2048
Height	2048
ExposureMode	Timed
ExposureTime	33333.0

2019-06-06 07:00:07.888862  -    Attempting to create directory.
2019-06-06 07:05:42.233625  -    captured video
2019-06-06 08:00:02.777421  -    Starting capture: 30.0 fps
2019-06-06 08:00:02.777724  -    Config string: # {05D8C294-F295-4dfb-9D01-096BD04049F4}
ExposureAuto	Off
GainAuto	Off
Width	2048
Height	2048
ExposureMode	Timed
ExposureTime	33333.0

2019-06-06 08:00:07.817972  -    Attempting to create directory.
2019-06-06 08:05:42.181484  -    captured video
2019-06-06 09:00:02.612859  -    Starting capture: 30.0 fps
2019-06-06 09:00:02.613632  -    Config string: # {05D8C294-F295-4dfb-9D01-096BD04049F4}
ExposureAuto	Off
GainAuto	Off
Width	2048
Height	2048
ExposureMode	Timed
ExposureTime	33333.0

2019-06-06 09:00:07.652296  -    Attempting to create directory.
2019-06-06 09:05:42.407002  -    captured video
2019-06-06 10:00:02.439119  -    Starting capture: 30.0 fps
2019-06-06 10:00:02.439622  -    Config string: # {05D8C294-F295-4dfb-9D01-096BD04049F4}
ExposureAuto	Off
GainAuto	Off
Width	2048
Height	2048
ExposureMode	Timed
ExposureTime	33333.0

2019-06-06 10:00:07.494876  -    Attempting to create directory.
2019-06-06 10:05:41.402999  -    captured video
2019-06-06 11:00:02.552927  -    Starting capture: 30.0 fps
2019-06-06 11:00:02.553252  -    Config string: # {05D8C294-F295-4dfb-9D01-096BD04049F4}
ExposureAuto	Off
GainAuto	Off
Width	2048
Height	2048
ExposureMode	Timed
ExposureTime	33333.0

2019-06-06 11:00:07.591813  -    Attempting to create directory.
2019-06-06 11:05:42.082282  -    captured video
2019-06-06 12:00:02.473736  -    Starting capture: 30.0 fps
2019-06-06 12:00:02.474496  -    Config string: # {05D8C294-F295-4dfb-9D01-096BD04049F4}
ExposureAuto	Off
GainAuto	Off
Width	2048
Height	2048
ExposureMode	Timed
ExposureTime	33333.0

2019-06-06 12:00:07.517284  -    Attempting to create directory.
2019-06-06 12:05:42.413931  -    captured video
2019-06-06 13:00:02.874298  -    Starting capture: 30.0 fps
2019-06-06 13:00:02.874964  -    Config string: # {05D8C294-F295-4dfb-9D01-096BD04049F4}
ExposureAuto	Off
GainAuto	Off
Width	2048
Height	2048
ExposureMode	Timed
ExposureTime	33333.0

2019-06-06 13:00:07.932130  -    Attempting to create directory.
2019-06-06 13:05:43.905841  -    captured video
2019-06-06 14:00:03.042738  -    Starting capture: 30.0 fps
2019-06-06 14:00:03.043546  -    Config string: # {05D8C294-F295-4dfb-9D01-096BD04049F4}
ExposureAuto	Off
GainAuto	Off
Width	2048
Height	2048
ExposureMode	Timed
ExposureTime	33333.0

2019-06-06 14:00:08.086214  -    Attempting to create directory.
2019-06-06 14:05:52.542100  -    captured video
2019-06-06 15:00:03.024123  -    Starting capture: 30.0 fps
2019-06-06 15:00:03.024612  -    Config string: # {05D8C294-F295-4dfb-9D01-096BD04049F4}
ExposureAuto	Off
GainAuto	Off
Width	2048
Height	2048
ExposureMode	Timed
ExposureTime	33333.0

2019-06-06 15:00:08.086763  -    Attempting to create directory.
2019-06-06 15:06:27.706504  -    captured video
2019-06-06 16:00:02.189361  -    Starting capture: 30.0 fps
2019-06-06 16:00:02.189678  -    Config string: # {05D8C294-F295-4dfb-9D01-096BD04049F4}
ExposureAuto	Off
GainAuto	Off
Width	2048
Height	2048
ExposureMode	Timed
ExposureTime	33333.0

2019-06-06 16:00:07.238496  -    Attempting to create directory.
2019-06-06 16:06:59.004739  -    captured video
2019-06-06 17:00:02.394561  -    Starting capture: 30.0 fps
2019-06-06 17:00:02.395324  -    Config string: # {05D8C294-F295-4dfb-9D01-096BD04049F4}
ExposureAuto	Off
GainAuto	Off
Width	2048
Height	2048
ExposureMode	Timed
ExposureTime	33333.0

2019-06-06 17:00:07.458826  -    Attempting to create directory.
2019-06-06 17:07:18.259797  -    captured video
2019-06-06 18:00:02.890623  -    Starting capture: 30.0 fps
2019-06-06 18:00:02.890931  -    Config string: # {05D8C294-F295-4dfb-9D01-096BD04049F4}
ExposureAuto	Off
GainAuto	Off
Width	2048
Height	2048
ExposureMode	Timed
ExposureTime	33333.0

2019-06-06 18:00:07.933326  -    Attempting to create directory.
2019-06-06 18:05:43.622436  -    captured video
2019-06-06 19:00:02.856373  -    Starting capture: 30.0 fps
2019-06-06 19:00:02.857061  -    Config string: # {05D8C294-F295-4dfb-9D01-096BD04049F4}
ExposureAuto	Off
GainAuto	Off
Width	2048
Height	2048
ExposureMode	Timed
ExposureTime	33333.0

2019-06-06 19:00:07.897760  -    Attempting to create directory.
2019-06-06 19:08:24.257708  -    captured video
2019-06-06 20:00:02.145557  -    Starting capture: 30.0 fps
2019-06-06 20:00:02.145886  -    Config string: # {05D8C294-F295-4dfb-9D01-096BD04049F4}
ExposureAuto	Off
GainAuto	Off
Width	2048
Height	2048
ExposureMode	Timed
ExposureTime	33333.0

2019-06-06 20:00:07.193568  -    Attempting to create directory.
2019-06-06 20:03:57.379330  -    captured video
2019-06-06 21:00:02.531254  -    Starting capture: 30.0 fps
2019-06-06 21:00:02.531605  -    Config string: # {05D8C294-F295-4dfb-9D01-096BD04049F4}
ExposureAuto	Off
GainAuto	Off
Width	2048
Height	2048
ExposureMode	Timed
ExposureTime	33333.0

2019-06-06 21:00:07.573955  -    Attempting to create directory.
2019-06-06 21:01:58.244742  -    captured video
2019-06-06 22:00:02.755065  -    Starting capture: 30.0 fps
2019-06-06 22:00:02.756422  -    Config string: # {05D8C294-F295-4dfb-9D01-096BD04049F4}
ExposureAuto	Off
GainAuto	Off
Width	2048
Height	2048
ExposureMode	Timed
ExposureTime	33333.0

2019-06-06 22:00:07.795814  -    Attempting to create directory.
2019-06-06 22:05:19.176715  -    captured video
2019-06-06 23:00:02.365057  -    Starting capture: 30.0 fps
2019-06-06 23:00:02.365518  -    Config string: # {05D8C294-F295-4dfb-9D01-096BD04049F4}
ExposureAuto	Off
GainAuto	Off
Width	2048
Height	2048
ExposureMode	Timed
ExposureTime	33333.0

2019-06-06 23:00:07.417818  -    Attempting to create directory.
2019-06-06 23:03:01.623130  -    captured video
2019-06-07 00:00:02.236215  -    Starting capture: 30.0 fps
2019-06-07 00:00:02.236532  -    Config string: # {05D8C294-F295-4dfb-9D01-096BD04049F4}
ExposureAuto	Off
GainAuto	Off
Width	2048
Height	2048
ExposureMode	Timed
ExposureTime	33333.0

2019-06-07 00:00:07.280357  -    Attempting to create directory.
2019-06-07 00:04:07.905844  -    captured video
2019-06-07 01:00:02.100894  -    Starting capture: 30.0 fps
2019-06-07 01:00:02.102297  -    Config string: # {05D8C294-F295-4dfb-9D01-096BD04049F4}
ExposureAuto	Off
GainAuto	Off
Width	2048
Height	2048
ExposureMode	Timed
ExposureTime	33333.0

2019-06-07 01:00:07.155021  -    Attempting to create directory.
2019-06-07 01:08:18.810755  -    captured video
2019-06-07 02:00:02.570190  -    Starting capture: 30.0 fps
2019-06-07 02:00:02.570957  -    Config string: # {05D8C294-F295-4dfb-9D01-096BD04049F4}
ExposureAuto	Off
GainAuto	Off
Width	2048
Height	2048
ExposureMode	Timed
ExposureTime	33333.0

2019-06-07 02:00:07.642363  -    Attempting to create directory.
2019-06-07 02:06:24.257030  -    captured video
2019-06-07 03:00:02.182349  -    Starting capture: 30.0 fps
2019-06-07 03:00:02.182658  -    Config string: # {05D8C294-F295-4dfb-9D01-096BD04049F4}
ExposureAuto	Off
GainAuto	Off
Width	2048
Height	2048
ExposureMode	Timed
ExposureTime	33333.0

2019-06-07 03:00:07.224386  -    Attempting to create directory.
2019-06-07 03:05:56.292175  -    captured video
2019-06-07 04:00:02.631704  -    Starting capture: 30.0 fps
2019-06-07 04:00:02.632485  -    Config string: # {05D8C294-F295-4dfb-9D01-096BD04049F4}
ExposureAuto	Off
GainAuto	Off
Width	2048
Height	2048
ExposureMode	Timed
ExposureTime	33333.0

2019-06-07 04:00:07.813215  -    Attempting to create directory.
2019-06-07 04:05:49.633332  -    captured video
2019-06-07 05:00:02.778692  -    Starting capture: 30.0 fps
2019-06-07 05:00:02.779460  -    Config string: # {05D8C294-F295-4dfb-9D01-096BD04049F4}
ExposureAuto	Off
GainAuto	Off
Width	2048
Height	2048
ExposureMode	Timed
ExposureTime	33333.0

2019-06-07 05:00:07.818990  -    Attempting to create directory.
2019-06-07 05:05:51.017373  -    captured video
2019-06-07 06:00:02.405160  -    Starting capture: 30.0 fps
2019-06-07 06:00:02.405463  -    Config string: # {05D8C294-F295-4dfb-9D01-096BD04049F4}
ExposureAuto	Off
GainAuto	Off
Width	2048
Height	2048
ExposureMode	Timed
ExposureTime	33333.0

2019-06-07 06:00:07.444103  -    Attempting to create directory.
2019-06-07 06:05:50.392595  -    captured video
2019-06-07 07:00:02.271415  -    Starting capture: 30.0 fps
2019-06-07 07:00:02.271712  -    Config string: # {05D8C294-F295-4dfb-9D01-096BD04049F4}
ExposureAuto	Off
GainAuto	Off
Width	2048
Height	2048
ExposureMode	Timed
ExposureTime	33333.0

2019-06-07 07:00:07.309175  -    Attempting to create directory.
2019-06-07 07:05:49.683743  -    captured video
2019-06-07 08:00:02.614249  -    Starting capture: 30.0 fps
2019-06-07 08:00:02.614574  -    Config string: # {05D8C294-F295-4dfb-9D01-096BD04049F4}
ExposureAuto	Off
GainAuto	Off
Width	2048
Height	2048
ExposureMode	Timed
ExposureTime	33333.0

2019-06-07 08:00:07.653065  -    Attempting to create directory.
2019-06-07 08:05:50.053478  -    captured video
2019-06-07 09:00:02.783361  -    Starting capture: 30.0 fps
2019-06-07 09:00:02.783695  -    Config string: # {05D8C294-F295-4dfb-9D01-096BD04049F4}
ExposureAuto	Off
GainAuto	Off
Width	2048
Height	2048
ExposureMode	Timed
ExposureTime	33333.0

2019-06-07 09:00:07.832478  -    Attempting to create directory.
2019-06-07 09:05:50.257627  -    captured video
2019-06-07 10:00:02.219844  -    Starting capture: 30.0 fps
2019-06-07 10:00:02.220582  -    Config string: # {05D8C294-F295-4dfb-9D01-096BD04049F4}
ExposureAuto	Off
GainAuto	Off
Width	2048
Height	2048
ExposureMode	Timed
ExposureTime	33333.0

2019-06-07 10:00:07.262526  -    Attempting to create directory.
2019-06-07 10:05:51.799343  -    captured video
2019-06-07 11:00:02.857834  -    Starting capture: 30.0 fps
2019-06-07 11:00:02.858722  -    Config string: # {05D8C294-F295-4dfb-9D01-096BD04049F4}
ExposureAuto	Off
GainAuto	Off
Width	2048
Height	2048
ExposureMode	Timed
ExposureTime	33333.0

2019-06-07 11:00:07.964774  -    Attempting to create directory.
2019-06-07 11:05:47.223264  -    captured video
2019-06-07 12:00:02.073861  -    Starting capture: 30.0 fps
2019-06-07 12:00:02.074167  -    Config string: # {05D8C294-F295-4dfb-9D01-096BD04049F4}
ExposureAuto	Off
GainAuto	Off
Width	2048
Height	2048
ExposureMode	Timed
ExposureTime	33333.0

2019-06-07 12:00:07.111840  -    Attempting to create directory.
2019-06-07 12:05:50.391692  -    captured video
2019-06-07 13:00:02.519278  -    Starting capture: 30.0 fps
2019-06-07 13:00:02.519594  -    Config string: # {05D8C294-F295-4dfb-9D01-096BD04049F4}
ExposureAuto	Off
GainAuto	Off
Width	2048
Height	2048
ExposureMode	Timed
ExposureTime	33333.0

2019-06-07 13:00:07.625093  -    Attempting to create directory.
2019-06-07 13:05:54.024280  -    captured video
2019-06-07 14:00:02.082363  -    Starting capture: 30.0 fps
2019-06-07 14:00:02.082692  -    Config string: # {05D8C294-F295-4dfb-9D01-096BD04049F4}
ExposureAuto	Off
GainAuto	Off
Width	2048
Height	2048
ExposureMode	Timed
ExposureTime	33333.0

2019-06-07 14:00:07.153096  -    Attempting to create directory.
2019-06-07 14:06:15.932268  -    captured video
2019-06-07 15:00:02.996246  -    Starting capture: 30.0 fps
2019-06-07 15:00:02.996772  -    Config string: # {05D8C294-F295-4dfb-9D01-096BD04049F4}
ExposureAuto	Off
GainAuto	Off
Width	2048
Height	2048
ExposureMode	Timed
ExposureTime	33333.0

2019-06-07 15:00:08.103701  -    Attempting to create directory.
2019-06-07 15:06:31.595754  -    captured video
2019-06-07 16:00:02.589642  -    Starting capture: 30.0 fps
2019-06-07 16:00:02.590447  -    Config string: # {05D8C294-F295-4dfb-9D01-096BD04049F4}
ExposureAuto	Off
GainAuto	Off
Width	2048
Height	2048
ExposureMode	Timed
ExposureTime	33333.0

2019-06-07 16:00:07.702538  -    Attempting to create directory.
2019-06-07 16:07:35.173525  -    captured video
2019-06-07 17:00:02.721930  -    Starting capture: 30.0 fps
2019-06-07 17:00:02.722276  -    Config string: # {05D8C294-F295-4dfb-9D01-096BD04049F4}
ExposureAuto	Off
GainAuto	Off
Width	2048
Height	2048
ExposureMode	Timed
ExposureTime	33333.0

2019-06-07 17:00:07.892158  -    Attempting to create directory.
2019-06-07 17:08:01.429449  -    captured video
2019-06-07 18:00:02.793812  -    Starting capture: 30.0 fps
2019-06-07 18:00:02.794132  -    Config string: # {05D8C294-F295-4dfb-9D01-096BD04049F4}
ExposureAuto	Off
GainAuto	Off
Width	2048
Height	2048
ExposureMode	Timed
ExposureTime	33333.0

2019-06-07 18:00:07.905662  -    Attempting to create directory.
2019-06-07 18:02:30.047480  -    captured video
2019-06-07 19:00:02.823687  -    Starting capture: 30.0 fps
2019-06-07 19:00:02.824481  -    Config string: # {05D8C294-F295-4dfb-9D01-096BD04049F4}
ExposureAuto	Off
GainAuto	Off
Width	2048
Height	2048
ExposureMode	Timed
ExposureTime	33333.0

2019-06-07 19:00:07.863124  -    Attempting to create directory.
2019-06-07 19:02:12.218703  -    captured video
2019-06-07 20:00:03.059087  -    Starting capture: 30.0 fps
2019-06-07 20:00:03.059430  -    Config string: # {05D8C294-F295-4dfb-9D01-096BD04049F4}
ExposureAuto	Off
GainAuto	Off
Width	2048
Height	2048
ExposureMode	Timed
ExposureTime	33333.0

2019-06-07 20:00:08.224221  -    Attempting to create directory.
2019-06-07 20:07:16.827620  -    captured video
2019-06-07 21:00:02.862374  -    Starting capture: 30.0 fps
2019-06-07 21:00:02.863292  -    Config string: # {05D8C294-F295-4dfb-9D01-096BD04049F4}
ExposureAuto	Off
GainAuto	Off
Width	2048
Height	2048
ExposureMode	Timed
ExposureTime	33333.0

2019-06-07 21:00:07.901913  -    Attempting to create directory.
2019-06-07 21:08:22.096103  -    captured video
2019-06-14 18:47:45.227845  -    Starting capture: 30.0 fps
2019-06-14 18:47:45.228350  -    Config string: # {05D8C294-F295-4dfb-9D01-096BD04049F4}
ExposureAuto	Off
GainAuto	Off
Width	2048
Height	2048
ExposureMode	Timed
ExposureTime	33333.0

2019-06-17 18:46:39.097347  -    Starting capture: 30.0 fps
2019-06-17 18:46:39.097659  -    Config string: # {05D8C294-F295-4dfb-9D01-096BD04049F4}
ExposureAuto	Off
GainAuto	Off
Width	2048
Height	2048
ExposureMode	Timed
ExposureTime	33333.0

2019-06-17 18:46:42.113605  -    Attempting to create directory.
2019-06-17 18:48:01.814792  -    Starting capture: 30.0 fps
2019-06-17 18:48:01.814904  -    Config string: # {05D8C294-F295-4dfb-9D01-096BD04049F4}
ExposureAuto	Off
GainAuto	Off
Width	2048
Height	2048
ExposureMode	Timed
ExposureTime	33333.0

2019-06-17 18:48:04.828052  -    Attempting to create directory.
2019-06-17 18:49:36.565690  -    Starting capture: 30.0 fps
2019-06-17 18:49:36.565819  -    Config string: # {05D8C294-F295-4dfb-9D01-096BD04049F4}
ExposureAuto	Off
GainAuto	Off
Width	2048
Height	2048
ExposureMode	Timed
ExposureTime	33333.0

2019-06-17 18:49:39.575857  -    Attempting to create directory.
2019-06-17 18:53:32.440586  -    captured video
2019-07-01 23:48:14.702897  -    Starting capture: 30.0 fps
2019-07-01 23:48:14.703450  -    Config string: # {05D8C294-F295-4dfb-9D01-096BD04049F4}
ExposureAuto	Off
GainAuto	Off
Width	2048
Height	2048
ExposureMode	Timed
ExposureTime	33333.0

2019-07-08 17:24:16.241629  -    Starting capture: 30.0 fps
2019-07-08 17:24:16.241838  -    Config string: # {05D8C294-F295-4dfb-9D01-096BD04049F4}
ExposureAuto	Off
GainAuto	Off
Width	2048
Height	2048
ExposureMode	Timed
ExposureTime	33333.0

2019-07-08 17:24:48.638827  -    Starting capture: 30.0 fps
2019-07-08 17:24:48.639298  -    Config string: # {05D8C294-F295-4dfb-9D01-096BD04049F4}
ExposureAuto	Off
GainAuto	Off
Width	2048
Height	2048
ExposureMode	Timed
ExposureTime	33333.0

2019-07-08 17:38:07.075803  -    Starting capture: 30.0 fps
2019-07-08 17:38:07.076260  -    Config string: # {05D8C294-F295-4dfb-9D01-096BD04049F4}
ExposureAuto	Off
GainAuto	Off
Width	2048
Height	2048
ExposureMode	Timed
ExposureTime	33333.0

2019-07-08 17:45:05.581107  -    Starting capture: 30.0 fps
2019-07-08 17:45:05.581262  -    Config string: # {05D8C294-F295-4dfb-9D01-096BD04049F4}
ExposureAuto	Off
GainAuto	Off
Width	2048
Height	2048
ExposureMode	Timed
ExposureTime	33333.0

2019-07-08 17:45:41.902439  -    Starting capture: 30.0 fps
2019-07-08 17:45:41.902714  -    Config string: # {05D8C294-F295-4dfb-9D01-096BD04049F4}
ExposureAuto	Off
GainAuto	Off
Width	2048
Height	2048
ExposureMode	Timed
ExposureTime	33333.0

2019-07-08 17:50:12.687240  -    Starting capture: 30.0 fps
2019-07-08 17:50:12.687452  -    Config string: # {05D8C294-F295-4dfb-9D01-096BD04049F4}
ExposureAuto	Off
GainAuto	Off
Width	2048
Height	2048
ExposureMode	Timed
ExposureTime	33333.0

2019-07-08 17:53:20.815634  -    Starting capture: 30.0 fps
2019-07-08 17:53:20.815781  -    Config string: # {05D8C294-F295-4dfb-9D01-096BD04049F4}
ExposureAuto	Off
GainAuto	Off
Width	2048
Height	2048
ExposureMode	Timed
ExposureTime	33333.0

2019-07-08 17:54:22.624456  -    Starting capture: 30.0 fps
2019-07-08 17:54:22.624660  -    Config string: # {05D8C294-F295-4dfb-9D01-096BD04049F4}
ExposureAuto	Off
GainAuto	Off
Width	2048
Height	2048
ExposureMode	Timed
ExposureTime	33333.0

2019-07-08 17:56:30.120810  -    Starting capture: 30.0 fps
2019-07-08 17:56:30.121124  -    Config string: # {05D8C294-F295-4dfb-9D01-096BD04049F4}
ExposureAuto	Off
GainAuto	Off
Width	2048
Height	2048
ExposureMode	Timed
ExposureTime	33333.0

2019-07-08 17:59:00.926378  -    Starting capture: 30.0 fps
2019-07-08 17:59:00.926689  -    Config string: # {05D8C294-F295-4dfb-9D01-096BD04049F4}
ExposureAuto	Off
GainAuto	Off
Width	2048
Height	2048
ExposureMode	Timed
ExposureTime	33333.0

2019-07-08 18:01:28.764397  -    Starting capture: 30.0 fps
2019-07-08 18:01:28.764715  -    Config string: # {05D8C294-F295-4dfb-9D01-096BD04049F4}
ExposureAuto	Off
GainAuto	Off
Width	2048
Height	2048
ExposureMode	Timed
ExposureTime	33333.0

2019-07-08 18:04:36.423659  -    Starting capture: 30.0 fps
2019-07-08 18:04:36.423811  -    Config string: # {05D8C294-F295-4dfb-9D01-096BD04049F4}
ExposureAuto	Off
GainAuto	Off
Width	2048
Height	2048
ExposureMode	Timed
ExposureTime	33333.0

2019-07-08 18:09:02.203772  -    Starting capture: 30.0 fps
2019-07-08 18:09:02.204051  -    Config string: # {05D8C294-F295-4dfb-9D01-096BD04049F4}
ExposureAuto	Off
GainAuto	Off
Width	2048
Height	2048
ExposureMode	Timed
ExposureTime	33333.0

2019-07-08 18:16:52.751436  -    Starting capture: 30.0 fps
2019-07-08 18:16:52.751587  -    Config string: # {05D8C294-F295-4dfb-9D01-096BD04049F4}
ExposureAuto	Off
GainAuto	Off
Width	2048
Height	2048
ExposureMode	Timed
ExposureTime	33333.0

2019-07-08 18:21:34.123417  -    Starting capture: 30.0 fps
2019-07-08 18:21:34.123565  -    Config string: # {05D8C294-F295-4dfb-9D01-096BD04049F4}
ExposureAuto	Off
GainAuto	Off
Width	2048
Height	2048
ExposureMode	Timed
ExposureTime	33333.0

2019-07-08 18:23:52.947895  -    Starting capture: 30.0 fps
2019-07-08 18:23:52.948193  -    Config string: # {05D8C294-F295-4dfb-9D01-096BD04049F4}
ExposureAuto	Off
GainAuto	Off
Width	2048
Height	2048
ExposureMode	Timed
ExposureTime	33333.0

2019-07-08 18:25:52.798815  -    Starting capture: 30.0 fps
2019-07-08 18:25:52.799083  -    Config string: # {05D8C294-F295-4dfb-9D01-096BD04049F4}
ExposureAuto	Off
GainAuto	Off
Width	2048
Height	2048
ExposureMode	Timed
ExposureTime	33333.0

2019-07-08 18:44:34.810966  -    Starting capture: 30.0 fps
2019-07-08 18:44:34.811202  -    Config string: # {05D8C294-F295-4dfb-9D01-096BD04049F4}
ExposureAuto	Off
GainAuto	Off
Width	2048
Height	2048
ExposureMode	Timed
ExposureTime	33333.0

2019-07-08 18:45:04.369175  -    Attempting to create directory.
2019-07-08 18:45:20.380640  -    captured video
2019-07-08 18:46:16.652179  -    Starting capture: 30.0 fps
2019-07-08 18:46:16.652384  -    Config string: # {05D8C294-F295-4dfb-9D01-096BD04049F4}
ExposureAuto	Off
GainAuto	Off
Width	2048
Height	2048
ExposureMode	Timed
ExposureTime	33333.0

2019-07-08 18:46:46.210548  -    Attempting to create directory.
2019-07-08 18:48:39.286945  -    Starting capture: 30.0 fps
2019-07-08 18:48:39.287265  -    Config string: # {05D8C294-F295-4dfb-9D01-096BD04049F4}
ExposureAuto	Off
GainAuto	Off
Width	2048
Height	2048
ExposureMode	Timed
ExposureTime	33333.0

2019-07-08 18:49:56.157036  -    Attempting to create directory.
2019-07-08 19:19:59.266019  -    Starting capture: 30.0 fps
2019-07-08 19:19:59.266284  -    Config string: # {05D8C294-F295-4dfb-9D01-096BD04049F4}
ExposureAuto	Off
GainAuto	Off
Width	2048
Height	2048
ExposureMode	Timed
ExposureTime	33333.0

2019-07-08 19:20:29.997510  -    Starting capture: 30.0 fps
2019-07-08 19:20:29.997796  -    Config string: # {05D8C294-F295-4dfb-9D01-096BD04049F4}
ExposureAuto	Off
GainAuto	Off
Width	2048
Height	2048
ExposureMode	Timed
ExposureTime	33333.0

2019-07-08 19:28:25.929571  -    Attempting to create directory.
2019-07-08 19:31:32.621240  -    Starting capture: 30.0 fps
2019-07-08 19:31:32.621461  -    Config string: # {05D8C294-F295-4dfb-9D01-096BD04049F4}
ExposureAuto	Off
GainAuto	Off
Width	2048
Height	2048
ExposureMode	Timed
ExposureTime	33333.0

2019-07-08 19:35:08.554968  -    Starting capture: 30.0 fps
2019-07-08 19:35:08.555183  -    Config string: # {05D8C294-F295-4dfb-9D01-096BD04049F4}
ExposureAuto	Off
GainAuto	Off
Width	2048
Height	2048
ExposureMode	Timed
ExposureTime	33333.0

2019-07-08 20:01:12.417155  -    Attempting to create directory.
2019-07-08 21:26:59.625883  -    Starting capture: 30.0 fps
2019-07-08 21:26:59.626233  -    Config string: # {05D8C294-F295-4dfb-9D01-096BD04049F4}
ExposureAuto	Off
GainAuto	Off
Width	2048
Height	2048
ExposureMode	Timed
ExposureTime	33333.0

2019-07-08 21:52:43.311935  -    Attempting to create directory.
2019-07-08 23:52:43.849139  -    captured video
2019-07-16 17:28:57.283118  -    Starting capture: 30.0 fps
2019-07-16 17:28:57.283373  -    Config string: # {05D8C294-F295-4dfb-9D01-096BD04049F4}
ExposureAuto	Off
GainAuto	Off
Width	2048
Height	2048
ExposureMode	Timed
ExposureTime	33333.0

2019-07-16 17:30:34.350380  -    Starting capture: 30.0 fps
2019-07-16 17:30:34.350938  -    Config string: # {05D8C294-F295-4dfb-9D01-096BD04049F4}
ExposureAuto	Off
GainAuto	Off
Width	2048
Height	2048
ExposureMode	Timed
ExposureTime	33333.0

2019-07-16 22:00:02.757311  -    Starting capture: 30.0 fps
2019-07-16 22:00:02.757433  -    Config string: # {05D8C294-F295-4dfb-9D01-096BD04049F4}
ExposureAuto	Off
GainAuto	Off
Width	2048
Height	2048
ExposureMode	Timed
ExposureTime	33333.0

2019-07-16 22:15:26.321096  -    Starting capture: 30.0 fps
2019-07-16 22:15:26.321751  -    Config string: # {05D8C294-F295-4dfb-9D01-096BD04049F4}
ExposureAuto	Off
GainAuto	Off
Width	2048
Height	2048
ExposureMode	Timed
ExposureTime	33333.0

2019-07-17 00:00:02.185643  -    Starting capture: 30.0 fps
2019-07-17 00:00:02.185763  -    Config string: # {05D8C294-F295-4dfb-9D01-096BD04049F4}
ExposureAuto	Off
GainAuto	Off
Width	2048
Height	2048
ExposureMode	Timed
ExposureTime	33333.0

2019-07-17 00:01:54.000969  -    Attempting to create directory.
2019-07-17 00:08:53.915951  -    captured video
2019-07-17 18:00:02.558664  -    Starting capture: 30.0 fps
2019-07-17 18:00:02.559015  -    Config string: # {05D8C294-F295-4dfb-9D01-096BD04049F4}
ExposureAuto	Off
GainAuto	Off
Width	2048
Height	2048
ExposureMode	Timed
ExposureTime	33333.0

2019-07-17 18:02:25.556906  -    Attempting to create directory.
2019-07-17 18:11:03.672839  -    captured video
